Analysis & Synthesis report for Conv_code
Mon Jun 18 15:45:00 2018
Quartus II Version 11.0 Build 157 04/27/2011 SJ Full Version


---------------------
; Table of Contents ;
---------------------
  1. Legal Notice
  2. Analysis & Synthesis Summary
  3. Analysis & Synthesis Settings
  4. Parallel Compilation
  5. Analysis & Synthesis Source Files Read
  6. Analysis & Synthesis Resource Usage Summary
  7. Analysis & Synthesis Resource Utilization by Entity
  8. Registers Removed During Synthesis
  9. General Register Statistics
 10. Inverted Register Statistics
 11. Multiplexer Restructuring Statistics (Restructuring Performed)
 12. Parameter Settings for User Entity Instance: M_series:M_series_1
 13. Port Connectivity Checks: "M_series:M_series_1"
 14. Elapsed Time Per Partition
 15. Analysis & Synthesis Messages
 16. Analysis & Synthesis Suppressed Messages



----------------
; Legal Notice ;
----------------
Copyright (C) 1991-2011 Altera Corporation
Your use of Altera Corporation's design tools, logic functions 
and other software and tools, and its AMPP partner logic 
functions, and any output files from any of the foregoing 
(including device programming or simulation files), and any 
associated documentation or information are expressly subject 
to the terms and conditions of the Altera Program License 
Subscription Agreement, Altera MegaCore Function License 
Agreement, or other applicable license agreement, including, 
without limitation, that your use is for the sole purpose of 
programming logic devices manufactured by Altera and sold by 
Altera or its authorized distributors.  Please refer to the 
applicable agreement for further details.



+--------------------------------------------------------------------------------+
; Analysis & Synthesis Summary                                                   ;
+------------------------------------+-------------------------------------------+
; Analysis & Synthesis Status        ; Successful - Mon Jun 18 15:45:00 2018     ;
; Quartus II Version                 ; 11.0 Build 157 04/27/2011 SJ Full Version ;
; Revision Name                      ; Conv_code                                 ;
; Top-level Entity Name              ; Conv_code                                 ;
; Family                             ; Cyclone III                               ;
; Total logic elements               ; 806                                       ;
;     Total combinational functions  ; 786                                       ;
;     Dedicated logic registers      ; 228                                       ;
; Total registers                    ; 228                                       ;
; Total pins                         ; 4                                         ;
; Total virtual pins                 ; 0                                         ;
; Total memory bits                  ; 0                                         ;
; Embedded Multiplier 9-bit elements ; 0                                         ;
; Total PLLs                         ; 0                                         ;
+------------------------------------+-------------------------------------------+


+----------------------------------------------------------------------------------------------------------------------+
; Analysis & Synthesis Settings                                                                                        ;
+----------------------------------------------------------------------------+--------------------+--------------------+
; Option                                                                     ; Setting            ; Default Value      ;
+----------------------------------------------------------------------------+--------------------+--------------------+
; Device                                                                     ; EP3C25E144C8       ;                    ;
; Top-level entity name                                                      ; Conv_code          ; Conv_code          ;
; Family name                                                                ; Cyclone III        ; Cyclone IV GX      ;
; Use smart compilation                                                      ; Off                ; Off                ;
; Enable parallel Assembler and TimeQuest Timing Analyzer during compilation ; On                 ; On                 ;
; Enable compact report table                                                ; Off                ; Off                ;
; Restructure Multiplexers                                                   ; Auto               ; Auto               ;
; Create Debugging Nodes for IP Cores                                        ; Off                ; Off                ;
; Preserve fewer node names                                                  ; On                 ; On                 ;
; Disable OpenCore Plus hardware evaluation                                  ; Off                ; Off                ;
; Verilog Version                                                            ; Verilog_2001       ; Verilog_2001       ;
; VHDL Version                                                               ; VHDL_1993          ; VHDL_1993          ;
; State Machine Processing                                                   ; Auto               ; Auto               ;
; Safe State Machine                                                         ; Off                ; Off                ;
; Extract Verilog State Machines                                             ; On                 ; On                 ;
; Extract VHDL State Machines                                                ; On                 ; On                 ;
; Ignore Verilog initial constructs                                          ; Off                ; Off                ;
; Iteration limit for constant Verilog loops                                 ; 5000               ; 5000               ;
; Iteration limit for non-constant Verilog loops                             ; 250                ; 250                ;
; Add Pass-Through Logic to Inferred RAMs                                    ; On                 ; On                 ;
; Parallel Synthesis                                                         ; On                 ; On                 ;
; DSP Block Balancing                                                        ; Auto               ; Auto               ;
; NOT Gate Push-Back                                                         ; On                 ; On                 ;
; Power-Up Don't Care                                                        ; On                 ; On                 ;
; Remove Redundant Logic Cells                                               ; Off                ; Off                ;
; Remove Duplicate Registers                                                 ; On                 ; On                 ;
; Ignore CARRY Buffers                                                       ; Off                ; Off                ;
; Ignore CASCADE Buffers                                                     ; Off                ; Off                ;
; Ignore GLOBAL Buffers                                                      ; Off                ; Off                ;
; Ignore ROW GLOBAL Buffers                                                  ; Off                ; Off                ;
; Ignore LCELL Buffers                                                       ; Off                ; Off                ;
; Ignore SOFT Buffers                                                        ; On                 ; On                 ;
; Limit AHDL Integers to 32 Bits                                             ; Off                ; Off                ;
; Optimization Technique                                                     ; Balanced           ; Balanced           ;
; Carry Chain Length                                                         ; 70                 ; 70                 ;
; Auto Carry Chains                                                          ; On                 ; On                 ;
; Auto Open-Drain Pins                                                       ; On                 ; On                 ;
; Perform WYSIWYG Primitive Resynthesis                                      ; Off                ; Off                ;
; Auto ROM Replacement                                                       ; On                 ; On                 ;
; Auto RAM Replacement                                                       ; On                 ; On                 ;
; Auto DSP Block Replacement                                                 ; On                 ; On                 ;
; Auto Shift Register Replacement                                            ; Auto               ; Auto               ;
; Allow Shift Register Merging across Hierarchies                            ; Auto               ; Auto               ;
; Auto Clock Enable Replacement                                              ; On                 ; On                 ;
; Strict RAM Replacement                                                     ; Off                ; Off                ;
; Allow Synchronous Control Signals                                          ; On                 ; On                 ;
; Force Use of Synchronous Clear Signals                                     ; Off                ; Off                ;
; Auto RAM Block Balancing                                                   ; On                 ; On                 ;
; Auto RAM to Logic Cell Conversion                                          ; Off                ; Off                ;
; Auto Resource Sharing                                                      ; Off                ; Off                ;
; Allow Any RAM Size For Recognition                                         ; Off                ; Off                ;
; Allow Any ROM Size For Recognition                                         ; Off                ; Off                ;
; Allow Any Shift Register Size For Recognition                              ; Off                ; Off                ;
; Use LogicLock Constraints during Resource Balancing                        ; On                 ; On                 ;
; Ignore translate_off and synthesis_off directives                          ; Off                ; Off                ;
; Timing-Driven Synthesis                                                    ; On                 ; On                 ;
; Report Parameter Settings                                                  ; On                 ; On                 ;
; Report Source Assignments                                                  ; On                 ; On                 ;
; Report Connectivity Checks                                                 ; On                 ; On                 ;
; Ignore Maximum Fan-Out Assignments                                         ; Off                ; Off                ;
; Synchronization Register Chain Length                                      ; 2                  ; 2                  ;
; PowerPlay Power Optimization                                               ; Normal compilation ; Normal compilation ;
; HDL message level                                                          ; Level2             ; Level2             ;
; Suppress Register Optimization Related Messages                            ; Off                ; Off                ;
; Number of Removed Registers Reported in Synthesis Report                   ; 5000               ; 5000               ;
; Number of Inverted Registers Reported in Synthesis Report                  ; 100                ; 100                ;
; Clock MUX Protection                                                       ; On                 ; On                 ;
; Auto Gated Clock Conversion                                                ; Off                ; Off                ;
; Block Design Naming                                                        ; Auto               ; Auto               ;
; SDC constraint protection                                                  ; Off                ; Off                ;
; Synthesis Effort                                                           ; Auto               ; Auto               ;
; Shift Register Replacement - Allow Asynchronous Clear Signal               ; On                 ; On                 ;
; Analysis & Synthesis Message Level                                         ; Medium             ; Medium             ;
; Disable Register Merging Across Hierarchies                                ; Auto               ; Auto               ;
; Resource Aware Inference For Block RAM                                     ; On                 ; On                 ;
; Synthesis Seed                                                             ; 1                  ; 1                  ;
+----------------------------------------------------------------------------+--------------------+--------------------+


+------------------------------------------+
; Parallel Compilation                     ;
+----------------------------+-------------+
; Processors                 ; Number      ;
+----------------------------+-------------+
; Number detected on machine ; 2           ;
; Maximum allowed            ; 2           ;
;                            ;             ;
; Average used               ; 1.00        ;
; Maximum used               ; 2           ;
;                            ;             ;
; Usage by Processor         ; % Time Used ;
;     1 processor            ; 100.0%      ;
;     2 processors           ; < 0.1%      ;
+----------------------------+-------------+


+------------------------------------------------------------------------------------------------------------+
; Analysis & Synthesis Source Files Read                                                                     ;
+----------------------------------+-----------------+------------------------+------------------------------+
; File Name with User-Entered Path ; Used in Netlist ; File Type              ; File Name with Absolute Path ;
+----------------------------------+-----------------+------------------------+------------------------------+
; Conv_code.v                      ; yes             ; User Verilog HDL File  ; F:/ConvCode/Conv_code.v      ;
; M_series.v                       ; yes             ; User Verilog HDL File  ; F:/ConvCode/M_series.v       ;
; encode.v                         ; yes             ; User Verilog HDL File  ; F:/ConvCode/encode.v         ;
; decode.v                         ; yes             ; User Verilog HDL File  ; F:/ConvCode/decode.v         ;
+----------------------------------+-----------------+------------------------+------------------------------+


+------------------------------------------------------+
; Analysis & Synthesis Resource Usage Summary          ;
+---------------------------------------------+--------+
; Resource                                    ; Usage  ;
+---------------------------------------------+--------+
; Estimated Total logic elements              ; 806    ;
;                                             ;        ;
; Total combinational functions               ; 786    ;
; Logic element usage by number of LUT inputs ;        ;
;     -- 4 input functions                    ; 22     ;
;     -- 3 input functions                    ; 455    ;
;     -- <=2 input functions                  ; 309    ;
;                                             ;        ;
; Logic elements by mode                      ;        ;
;     -- normal mode                          ; 93     ;
;     -- arithmetic mode                      ; 693    ;
;                                             ;        ;
; Total registers                             ; 228    ;
;     -- Dedicated logic registers            ; 228    ;
;     -- I/O registers                        ; 0      ;
;                                             ;        ;
; I/O pins                                    ; 4      ;
; Maximum fan-out node                        ; clk_5K ;
; Maximum fan-out                             ; 202    ;
; Total fan-out                               ; 2970   ;
; Average fan-out                             ; 2.91   ;
+---------------------------------------------+--------+


+----------------------------------------------------------------------------------------------------------------------------------------------------------------------------------------+
; Analysis & Synthesis Resource Utilization by Entity                                                                                                                                    ;
+----------------------------+-------------------+--------------+-------------+--------------+---------+-----------+------+--------------+--------------------------------+--------------+
; Compilation Hierarchy Node ; LC Combinationals ; LC Registers ; Memory Bits ; DSP Elements ; DSP 9x9 ; DSP 18x18 ; Pins ; Virtual Pins ; Full Hierarchy Name            ; Library Name ;
+----------------------------+-------------------+--------------+-------------+--------------+---------+-----------+------+--------------+--------------------------------+--------------+
; |Conv_code                 ; 786 (33)          ; 228 (27)     ; 0           ; 0            ; 0       ; 0         ; 4    ; 0            ; |Conv_code                     ;              ;
;    |M_series:M_series_1|   ; 1 (1)             ; 15 (15)      ; 0           ; 0            ; 0       ; 0         ; 0    ; 0            ; |Conv_code|M_series:M_series_1 ;              ;
;    |decode:decode_1|       ; 750 (750)         ; 182 (182)    ; 0           ; 0            ; 0       ; 0         ; 0    ; 0            ; |Conv_code|decode:decode_1     ;              ;
;    |encode:encode_1|       ; 2 (2)             ; 4 (4)        ; 0           ; 0            ; 0       ; 0         ; 0    ; 0            ; |Conv_code|encode:encode_1     ;              ;
+----------------------------+-------------------+--------------+-------------+--------------+---------+-----------+------+--------------+--------------------------------+--------------+
Note: For table entries with two numbers listed, the numbers in parentheses indicate the number of resources of the given type used by the specific entity alone. The numbers listed outside of parentheses indicate the total resources of the given type used by the specific entity and all of its sub-entities in the hierarchy.


+--------------------------------------------------------------------------------+
; Registers Removed During Synthesis                                             ;
+---------------------------------------+----------------------------------------+
; Register name                         ; Reason for Removal                     ;
+---------------------------------------+----------------------------------------+
; decode:decode_1|path_s0[0]            ; Stuck at GND due to stuck port data_in ;
; decode:decode_1|path_s2[0]            ; Stuck at GND due to stuck port data_in ;
; decode:decode_1|path_s0[1]            ; Stuck at GND due to stuck port data_in ;
; decode:decode_1|path_s1[1]            ; Stuck at GND due to stuck port data_in ;
; decode:decode_1|path_s3[0]            ; Merged with decode:decode_1|path_s1[0] ;
; decode:decode_1|path_s3[1]            ; Merged with decode:decode_1|path_s2[1] ;
; Total Number of Removed Registers = 6 ;                                        ;
+---------------------------------------+----------------------------------------+


+------------------------------------------------------+
; General Register Statistics                          ;
+----------------------------------------------+-------+
; Statistic                                    ; Value ;
+----------------------------------------------+-------+
; Total registers                              ; 228   ;
; Number of registers using Synchronous Clear  ; 201   ;
; Number of registers using Synchronous Load   ; 128   ;
; Number of registers using Asynchronous Clear ; 0     ;
; Number of registers using Asynchronous Load  ; 0     ;
; Number of registers using Clock Enable       ; 0     ;
; Number of registers using Preset             ; 0     ;
+----------------------------------------------+-------+


+--------------------------------------------------+
; Inverted Register Statistics                     ;
+----------------------------------------+---------+
; Inverted Register                      ; Fan out ;
+----------------------------------------+---------+
; clk_10K                                ; 5       ;
; Total number of inverted registers = 1 ;         ;
+----------------------------------------+---------+


+---------------------------------------------------------------------------------------------------------------------------------------------------------------------+
; Multiplexer Restructuring Statistics (Restructuring Performed)                                                                                                      ;
+--------------------+-----------+---------------+----------------------+------------------------+---------------------------------------+----------------------------+
; Multiplexer Inputs ; Bus Width ; Baseline Area ; Area if Restructured ; Saving if Restructured ; Registered                            ; Example Multiplexer Output ;
+--------------------+-----------+---------------+----------------------+------------------------+---------------------------------------+----------------------------+
; 3:1                ; 7 bits    ; 14 LEs        ; 14 LEs               ; 0 LEs                  ; |Conv_code|decode:decode_1|path_s3[9] ;                            ;
; 3:1                ; 7 bits    ; 14 LEs        ; 14 LEs               ; 0 LEs                  ; |Conv_code|decode:decode_1|path_s2[6] ;                            ;
; 3:1                ; 7 bits    ; 14 LEs        ; 14 LEs               ; 0 LEs                  ; |Conv_code|decode:decode_1|path_s0[7] ;                            ;
; 3:1                ; 7 bits    ; 14 LEs        ; 14 LEs               ; 0 LEs                  ; |Conv_code|decode:decode_1|path_s1[6] ;                            ;
+--------------------+-----------+---------------+----------------------+------------------------+---------------------------------------+----------------------------+


+------------------------------------------------------------------+
; Parameter Settings for User Entity Instance: M_series:M_series_1 ;
+----------------+-------+-----------------------------------------+
; Parameter Name ; Value ; Type                                    ;
+----------------+-------+-----------------------------------------+
; len            ; 15    ; Signed Integer                          ;
+----------------+-------+-----------------------------------------+
Note: In order to hide this table in the UI and the text report file, please set the "Show Parameter Settings in Synthesis Report" option in "Analysis and Synthesis Settings -> More Settings" to "Off".


+-------------------------------------------------+
; Port Connectivity Checks: "M_series:M_series_1" ;
+-------+-------+----------+----------------------+
; Port  ; Type  ; Severity ; Details              ;
+-------+-------+----------+----------------------+
; rst_n ; Input ; Info     ; Stuck at VCC         ;
+-------+-------+----------+----------------------+


+-------------------------------+
; Elapsed Time Per Partition    ;
+----------------+--------------+
; Partition Name ; Elapsed Time ;
+----------------+--------------+
; Top            ; 00:00:01     ;
+----------------+--------------+


+-------------------------------+
; Analysis & Synthesis Messages ;
+-------------------------------+
Info: *******************************************************************
Info: Running Quartus II Analysis & Synthesis
    Info: Version 11.0 Build 157 04/27/2011 SJ Full Version
    Info: Processing started: Mon Jun 18 15:44:48 2018
Info: Command: quartus_map --read_settings_files=on --write_settings_files=off Conv_code -c Conv_code
Info: Parallel compilation is enabled and will use 2 of the 2 processors detected
Info: Found 1 design units, including 1 entities, in source file conv_code.v
    Info: Found entity 1: Conv_code
Info: Found 1 design units, including 1 entities, in source file m_series.v
    Info: Found entity 1: M_series
Info: Found 1 design units, including 1 entities, in source file m_series_tb.v
    Info: Found entity 1: M_series_tb
Info: Found 1 design units, including 1 entities, in source file encode.v
    Info: Found entity 1: encode
Info: Found 1 design units, including 1 entities, in source file encode_tb.v
    Info: Found entity 1: encode_tb
Info: Found 2 design units, including 0 entities, in source file viterbi-library/vi_interface.vhd
    Info: Found design unit 1: vi_interface (viterbi)
    Info: Found design unit 2: vi_interface-body
Info: Found 2 design units, including 0 entities, in source file viterbi-library/vi_functions.vhd
    Info: Found design unit 1: vi_functions (viterbi)
    Info: Found design unit 2: vi_functions-body
Info: Found 2 design units, including 1 entities, in source file viterbi-library/auk_dspip_avalon_str_ctrl.vhd
    Info: Found design unit 1: auk_dspip_avalon_str_ctrl-rtl
    Info: Found entity 1: auk_dspip_avalon_str_ctrl
Info: Found 1 design units, including 1 entities, in source file viterbi-library/auk_vit_var_enc_ent.vhd
    Info: Found entity 1: auk_vit_var_enc
Info: Found 1 design units, including 0 entities, in source file viterbi-library/auk_vit_var_enc_arc_rtl.vhd
    Info: Found design unit 1: auk_vit_var_enc-rtl
Info: Found 1 design units, including 1 entities, in source file viterbi-library/auk_vit_add_tre_ent.vhd
    Info: Found entity 1: auk_vit_add_tre
Info: Found 1 design units, including 0 entities, in source file viterbi-library/auk_vit_add_tre_arc_rtl.vhd
    Info: Found design unit 1: auk_vit_add_tre-rtl
Info: Found 1 design units, including 1 entities, in source file viterbi-library/auk_vit_sel_ent.vhd
    Info: Found entity 1: auk_vit_sel
Info: Found 1 design units, including 0 entities, in source file viterbi-library/auk_vit_sel_arc_rtl.vhd
    Info: Found design unit 1: auk_vit_sel-rtl
Info: Found 1 design units, including 1 entities, in source file viterbi-library/auk_vit_hyb_met_atl_ent.vhd
    Info: Found entity 1: auk_vit_hyb_met_atl
Info: Found 1 design units, including 0 entities, in source file viterbi-library/auk_vit_hyb_met_atl_arc_rtl.vhd
    Info: Found design unit 1: auk_vit_hyb_met_atl-rtl
Info: Found 1 design units, including 1 entities, in source file viterbi-library/auk_vit_hyb_sur_atl_ent.vhd
    Info: Found entity 1: auk_vit_hyb_sur_atl
Info: Found 1 design units, including 0 entities, in source file viterbi-library/auk_vit_hyb_sur_atl_arc_rtl.vhd
    Info: Found design unit 1: auk_vit_hyb_sur_atl-rtl
Info: Found 1 design units, including 1 entities, in source file viterbi-library/auk_vit_hyb_acs_atl_ent.vhd
    Info: Found entity 1: auk_vit_hyb_acs_atl
Info: Found 1 design units, including 0 entities, in source file viterbi-library/auk_vit_hyb_acs_atl_arc_rtl.vhd
    Info: Found design unit 1: auk_vit_hyb_acs_atl-rtl
Info: Found 1 design units, including 1 entities, in source file viterbi-library/auk_vit_hyb_ber_atl_ent.vhd
    Info: Found entity 1: auk_vit_hyb_ber_atl
Info: Found 1 design units, including 0 entities, in source file viterbi-library/auk_vit_hyb_ber_atl_arc_rtl.vhd
    Info: Found design unit 1: auk_vit_hyb_ber_atl-rtl
Info: Found 1 design units, including 1 entities, in source file viterbi-library/auk_vit_hyb_bmp_atl_ent.vhd
    Info: Found entity 1: auk_vit_hyb_bmp_atl
Info: Found 1 design units, including 0 entities, in source file viterbi-library/auk_vit_hyb_bmp_atl_arc_rtl.vhd
    Info: Found design unit 1: auk_vit_hyb_bmp_atl-rtl
Info: Found 1 design units, including 1 entities, in source file viterbi-library/auk_vit_hyb_trb_atl_ent.vhd
    Info: Found entity 1: auk_vit_hyb_trb_atl
Info: Found 1 design units, including 0 entities, in source file viterbi-library/auk_vit_hyb_trb_atl_arc_rtl.vhd
    Info: Found design unit 1: auk_vit_hyb_trb_atl-rtl
Info: Found 1 design units, including 1 entities, in source file viterbi-library/auk_vit_hyb_top_atl_ent.vhd
    Info: Found entity 1: auk_vit_hyb_top_atl
Info: Found 1 design units, including 0 entities, in source file viterbi-library/auk_vit_hyb_top_atl_arc_rtl.vhd
    Info: Found design unit 1: auk_vit_hyb_top_atl-rtl
Info: Found 1 design units, including 1 entities, in source file viterbi-library/auk_vit_par_ber_atl_ent.vhd
    Info: Found entity 1: auk_vit_par_ber_atl
Info: Found 1 design units, including 1 entities, in source file viterbi-library/auk_vit_par_bmp_atl_ent.vhd
    Info: Found entity 1: auk_vit_par_bmp_atl
Info: Found 1 design units, including 1 entities, in source file viterbi-library/auk_vit_par_trb_atl_ent.vhd
    Info: Found entity 1: auk_vit_par_trb_atl
Info: Found 1 design units, including 0 entities, in source file viterbi-library/auk_vit_par_ber_atl_arc_rtl.vhd
    Info: Found design unit 1: auk_vit_par_ber_atl-rtl
Info: Found 1 design units, including 0 entities, in source file viterbi-library/auk_vit_par_trb_atl_arc_mem.vhd
    Info: Found design unit 1: auk_vit_par_trb_atl-rtl_mem
Info: Found 1 design units, including 0 entities, in source file viterbi-library/auk_vit_par_trb_atl_arc_cnt_rtl.vhd
    Info: Found design unit 1: auk_vit_par_trb_atl-rtl_cnt
Info: Found 1 design units, including 0 entities, in source file viterbi-library/auk_vit_par_trb_atl_arc_blk_rtl.vhd
    Info: Found design unit 1: auk_vit_par_trb_atl-rtl_blk
Info: Found 1 design units, including 0 entities, in source file viterbi-library/auk_vit_par_bmp_atl_arc_rtl.vhd
    Info: Found design unit 1: auk_vit_par_bmp_atl-rtl
Info: Found 1 design units, including 1 entities, in source file viterbi-library/auk_vit_par_top_atl_ent.vhd
    Info: Found entity 1: auk_vit_par_top_atl
Info: Found 1 design units, including 0 entities, in source file viterbi-library/auk_vit_par_top_atl_arc_rtl.vhd
    Info: Found design unit 1: auk_vit_par_top_atl-rtl
Info: Found 1 design units, including 1 entities, in source file viterbi.v
    Info: Found entity 1: Viterbi
Info: Found 1 design units, including 1 entities, in source file decode.v
    Info: Found entity 1: decode
Info: Found 1 design units, including 1 entities, in source file decode_tb.v
    Info: Found entity 1: decode_tb
Info: Found 1 design units, including 1 entities, in source file conv_code_tb.v
    Info: Found entity 1: Conv_code_tb
Info: Elaborating entity "Conv_code" for the top level hierarchy
Info: Elaborating entity "encode" for hierarchy "encode:encode_1"
Info: Elaborating entity "M_series" for hierarchy "M_series:M_series_1"
Warning (10230): Verilog HDL assignment warning at M_series.v(15): truncated value with size 32 to match size of target (15)
Info: Elaborating entity "decode" for hierarchy "decode:decode_1"
Warning: OpenCore Simulation-Only Evaluation feature is turned on for all cores in the design
    Warning: Some cores in this design do not support the OpenCore Plus Hardware Evaluation feature
        Warning: ""Viterbi" (6AF7_0037)" does not support the OpenCore Plus Hardware Evaluation feature
        Warning: ""Viterbi" (6AF7_0038)" does not support the OpenCore Plus Hardware Evaluation feature
Info: Timing-Driven Synthesis is running
Info: Generated suppressed messages file F:/ConvCode/output_files/Conv_code.map.smsg
Info: Generating hard_block partition "hard_block:auto_generated_inst"
Info: Implemented 810 device resources after synthesis - the final resource count might be different
    Info: Implemented 1 input pins
    Info: Implemented 3 output pins
    Info: Implemented 806 logic cells
Info: Quartus II Analysis & Synthesis was successful. 0 errors, 5 warnings
    Info: Peak virtual memory: 278 megabytes
    Info: Processing ended: Mon Jun 18 15:45:01 2018
    Info: Elapsed time: 00:00:13
    Info: Total CPU time (on all processors): 00:00:08


+------------------------------------------+
; Analysis & Synthesis Suppressed Messages ;
+------------------------------------------+
The suppressed messages can be found in F:/ConvCode/output_files/Conv_code.map.smsg.


